<?xml version="1.0" encoding="UTF-8"?>
<!-- Generated by org.testng.reporters.JUnitReportReporter -->
<testsuite skipped="0" hostname="DESKTOP-PDFKB5E" name="com.shalini.testcases.LoginTest" tests="2" failures="0" timestamp="2022-01-06T21:41:33 IST" time="0.107" errors="0">
  <testcase name="login" time="0.049" classname="com.shalini.testcases.LoginTest"/>
  <system-out>
    <![CDATA[====Test 2 completed=====]]>
  </system-out>
  <testcase name="checkManagerButton" time="0.058" classname="com.shalini.testcases.LoginTest"/>
  <system-out>
    <![CDATA[====Test 1 completed=====]]>
  </system-out>
</testsuite> <!-- com.shalini.testcases.LoginTest -->
