<?xml version="1.0" encoding="UTF-8"?>
<!-- Generated by org.testng.reporters.JUnitReportReporter -->
<testsuite skipped="0" hostname="DESKTOP-PDFKB5E" name="com.shalini.testcases.LoginTest" tests="2" failures="0" timestamp="2022-01-05T15:35:31 IST" time="0.101" errors="0">
  <testcase name="checkManagerButton" time="0.025" classname="com.shalini.testcases.LoginTest"/>
  <system-out/>
  <testcase name="login" time="0.076" classname="com.shalini.testcases.LoginTest"/>
  <system-out>
    <![CDATA[successfully executed]]>
  </system-out>
</testsuite> <!-- com.shalini.testcases.LoginTest -->
